[debug] [2023-10-06T14:13:43.451Z] ----------------------------------------------------------------------
[debug] [2023-10-06T14:13:43.452Z] Command:       /usr/local/bin/node /usr/local/bin/firebase deploy
[debug] [2023-10-06T14:13:43.453Z] CLI Version:   11.25.1
[debug] [2023-10-06T14:13:43.453Z] Platform:      darwin
[debug] [2023-10-06T14:13:43.453Z] Node Version:  v20.2.0
[debug] [2023-10-06T14:13:43.453Z] Time:          Fri Oct 06 2023 16:13:43 GMT+0200 (Central European Summer Time)
[debug] [2023-10-06T14:13:43.453Z] ----------------------------------------------------------------------
[debug] 
[debug] [2023-10-06T14:13:43.490Z] > command requires scopes: ["email","openid","https://www.googleapis.com/auth/cloudplatformprojects.readonly","https://www.googleapis.com/auth/firebase","https://www.googleapis.com/auth/cloud-platform"]
[debug] [2023-10-06T14:13:43.490Z] > authorizing via signed-in user (hubert.talib@gmail.com)
[debug] [2023-10-06T14:13:43.490Z] [iam] checking project ai-testing-396020 for permissions ["cloudfunctions.functions.create","cloudfunctions.functions.delete","cloudfunctions.functions.get","cloudfunctions.functions.list","cloudfunctions.functions.update","cloudfunctions.operations.get","datastore.indexes.create","datastore.indexes.delete","datastore.indexes.list","datastore.indexes.update","firebase.projects.get","firebasehosting.sites.update","firebaserules.releases.create","firebaserules.releases.update","firebaserules.rulesets.create"]
[debug] [2023-10-06T14:13:43.491Z] >>> [apiv2][query] POST https://cloudresourcemanager.googleapis.com/v1/projects/ai-testing-396020:testIamPermissions [none]
[debug] [2023-10-06T14:13:43.491Z] >>> [apiv2][(partial)header] POST https://cloudresourcemanager.googleapis.com/v1/projects/ai-testing-396020:testIamPermissions x-goog-quota-user=projects/ai-testing-396020
[debug] [2023-10-06T14:13:43.491Z] >>> [apiv2][body] POST https://cloudresourcemanager.googleapis.com/v1/projects/ai-testing-396020:testIamPermissions {"permissions":["cloudfunctions.functions.create","cloudfunctions.functions.delete","cloudfunctions.functions.get","cloudfunctions.functions.list","cloudfunctions.functions.update","cloudfunctions.operations.get","datastore.indexes.create","datastore.indexes.delete","datastore.indexes.list","datastore.indexes.update","firebase.projects.get","firebasehosting.sites.update","firebaserules.releases.create","firebaserules.releases.update","firebaserules.rulesets.create"]}
[debug] [2023-10-06T14:13:44.397Z] <<< [apiv2][status] POST https://cloudresourcemanager.googleapis.com/v1/projects/ai-testing-396020:testIamPermissions 200
[debug] [2023-10-06T14:13:44.397Z] <<< [apiv2][body] POST https://cloudresourcemanager.googleapis.com/v1/projects/ai-testing-396020:testIamPermissions {"permissions":["cloudfunctions.functions.create","cloudfunctions.functions.delete","cloudfunctions.functions.get","cloudfunctions.functions.list","cloudfunctions.functions.update","cloudfunctions.operations.get","datastore.indexes.create","datastore.indexes.delete","datastore.indexes.list","datastore.indexes.update","firebase.projects.get","firebasehosting.sites.update","firebaserules.releases.create","firebaserules.releases.update","firebaserules.rulesets.create"]}
[debug] [2023-10-06T14:13:44.398Z] >>> [apiv2][query] POST https://iam.googleapis.com/v1/projects/ai-testing-396020/serviceAccounts/ai-testing-396020@appspot.gserviceaccount.com:testIamPermissions [none]
[debug] [2023-10-06T14:13:44.398Z] >>> [apiv2][body] POST https://iam.googleapis.com/v1/projects/ai-testing-396020/serviceAccounts/ai-testing-396020@appspot.gserviceaccount.com:testIamPermissions {"permissions":["iam.serviceAccounts.actAs"]}
[debug] [2023-10-06T14:13:45.126Z] <<< [apiv2][status] POST https://iam.googleapis.com/v1/projects/ai-testing-396020/serviceAccounts/ai-testing-396020@appspot.gserviceaccount.com:testIamPermissions 200
[debug] [2023-10-06T14:13:45.127Z] <<< [apiv2][body] POST https://iam.googleapis.com/v1/projects/ai-testing-396020/serviceAccounts/ai-testing-396020@appspot.gserviceaccount.com:testIamPermissions {"permissions":["iam.serviceAccounts.actAs"]}
[debug] [2023-10-06T14:13:45.128Z] >>> [apiv2][query] GET https://firebase.googleapis.com/v1beta1/projects/ai-testing-396020 [none]
[debug] [2023-10-06T14:13:45.519Z] <<< [apiv2][status] GET https://firebase.googleapis.com/v1beta1/projects/ai-testing-396020 200
[debug] [2023-10-06T14:13:45.519Z] <<< [apiv2][body] GET https://firebase.googleapis.com/v1beta1/projects/ai-testing-396020 {"projectId":"ai-testing-396020","projectNumber":"1087361350826","displayName":"AI-testing","name":"projects/ai-testing-396020","resources":{"hostingSite":"ai-testing-396020","storageBucket":"ai-testing-396020.appspot.com","locationId":"europe-west"},"state":"ACTIVE","etag":"1_20ec945a-fc08-4ce4-b06d-0715a3c2efa2"}
[debug] [2023-10-06T14:13:46.208Z] defaultcredentials: writing to file /Users/hubert.talib/.config/firebase/hubert_talib_gmail.com_application_default_credentials.json
[debug] [2023-10-06T14:13:46.209Z] >>> [apiv2][query] GET https://firebasehosting.googleapis.com/v1beta1/projects/ai-testing-396020/sites pageToken=&pageSize=10
[debug] [2023-10-06T14:13:47.183Z] <<< [apiv2][status] GET https://firebasehosting.googleapis.com/v1beta1/projects/ai-testing-396020/sites 200
[debug] [2023-10-06T14:13:47.183Z] <<< [apiv2][body] GET https://firebasehosting.googleapis.com/v1beta1/projects/ai-testing-396020/sites {"sites":[{"name":"projects/ai-testing-396020/sites/ai-testing-396020","defaultUrl":"https://ai-testing-396020.web.app","appId":"1:1087361350826:web:de09d0c487a4e739ce64d3","type":"DEFAULT_SITE"}]}
[debug] [2023-10-06T14:13:47.184Z] >>> [apiv2][query] GET https://firebase.googleapis.com/v1beta1/projects/-/webApps/1:1087361350826:web:de09d0c487a4e739ce64d3/config [none]
[debug] [2023-10-06T14:13:48.076Z] <<< [apiv2][status] GET https://firebase.googleapis.com/v1beta1/projects/-/webApps/1:1087361350826:web:de09d0c487a4e739ce64d3/config 200
[debug] [2023-10-06T14:13:48.076Z] <<< [apiv2][body] GET https://firebase.googleapis.com/v1beta1/projects/-/webApps/1:1087361350826:web:de09d0c487a4e739ce64d3/config {"projectId":"ai-testing-396020","appId":"1:1087361350826:web:de09d0c487a4e739ce64d3","storageBucket":"ai-testing-396020.appspot.com","locationId":"europe-west","apiKey":"AIzaSyAyTEMNYKBxn9nNe323BvxblIw8wR4L_-4","authDomain":"ai-testing-396020.firebaseapp.com","messagingSenderId":"1087361350826","measurementId":"G-4R57R1NMPY"}
[debug] [2023-10-06T14:13:52.976Z] Error: ENOENT: no such file or directory, lstat '/Users/hubert.talib/Development/svelte-playground/Users/hubert.talib/Development/svelte-playground/.svelte-kit/output/server'
[error] 
[error] Error: An unexpected error has occurred.
[debug] [2023-10-06T14:27:00.800Z] ----------------------------------------------------------------------
[debug] [2023-10-06T14:27:00.804Z] Command:       /usr/local/bin/node /usr/local/bin/firebase deploy
[debug] [2023-10-06T14:27:00.804Z] CLI Version:   11.25.1
[debug] [2023-10-06T14:27:00.804Z] Platform:      darwin
[debug] [2023-10-06T14:27:00.805Z] Node Version:  v20.2.0
[debug] [2023-10-06T14:27:00.805Z] Time:          Fri Oct 06 2023 16:27:00 GMT+0200 (Central European Summer Time)
[debug] [2023-10-06T14:27:00.805Z] ----------------------------------------------------------------------
[debug] 
[debug] [2023-10-06T14:27:00.842Z] > command requires scopes: ["email","openid","https://www.googleapis.com/auth/cloudplatformprojects.readonly","https://www.googleapis.com/auth/firebase","https://www.googleapis.com/auth/cloud-platform"]
[debug] [2023-10-06T14:27:00.842Z] > authorizing via signed-in user (hubert.talib@gmail.com)
[debug] [2023-10-06T14:27:00.842Z] [iam] checking project ai-testing-396020 for permissions ["cloudfunctions.functions.create","cloudfunctions.functions.delete","cloudfunctions.functions.get","cloudfunctions.functions.list","cloudfunctions.functions.update","cloudfunctions.operations.get","datastore.indexes.create","datastore.indexes.delete","datastore.indexes.list","datastore.indexes.update","firebase.projects.get","firebasehosting.sites.update","firebaserules.releases.create","firebaserules.releases.update","firebaserules.rulesets.create"]
[debug] [2023-10-06T14:27:00.843Z] >>> [apiv2][query] POST https://cloudresourcemanager.googleapis.com/v1/projects/ai-testing-396020:testIamPermissions [none]
[debug] [2023-10-06T14:27:00.843Z] >>> [apiv2][(partial)header] POST https://cloudresourcemanager.googleapis.com/v1/projects/ai-testing-396020:testIamPermissions x-goog-quota-user=projects/ai-testing-396020
[debug] [2023-10-06T14:27:00.843Z] >>> [apiv2][body] POST https://cloudresourcemanager.googleapis.com/v1/projects/ai-testing-396020:testIamPermissions {"permissions":["cloudfunctions.functions.create","cloudfunctions.functions.delete","cloudfunctions.functions.get","cloudfunctions.functions.list","cloudfunctions.functions.update","cloudfunctions.operations.get","datastore.indexes.create","datastore.indexes.delete","datastore.indexes.list","datastore.indexes.update","firebase.projects.get","firebasehosting.sites.update","firebaserules.releases.create","firebaserules.releases.update","firebaserules.rulesets.create"]}
[debug] [2023-10-06T14:27:01.661Z] <<< [apiv2][status] POST https://cloudresourcemanager.googleapis.com/v1/projects/ai-testing-396020:testIamPermissions 200
[debug] [2023-10-06T14:27:01.662Z] <<< [apiv2][body] POST https://cloudresourcemanager.googleapis.com/v1/projects/ai-testing-396020:testIamPermissions {"permissions":["cloudfunctions.functions.create","cloudfunctions.functions.delete","cloudfunctions.functions.get","cloudfunctions.functions.list","cloudfunctions.functions.update","cloudfunctions.operations.get","datastore.indexes.create","datastore.indexes.delete","datastore.indexes.list","datastore.indexes.update","firebase.projects.get","firebasehosting.sites.update","firebaserules.releases.create","firebaserules.releases.update","firebaserules.rulesets.create"]}
[debug] [2023-10-06T14:27:01.662Z] >>> [apiv2][query] POST https://iam.googleapis.com/v1/projects/ai-testing-396020/serviceAccounts/ai-testing-396020@appspot.gserviceaccount.com:testIamPermissions [none]
[debug] [2023-10-06T14:27:01.662Z] >>> [apiv2][body] POST https://iam.googleapis.com/v1/projects/ai-testing-396020/serviceAccounts/ai-testing-396020@appspot.gserviceaccount.com:testIamPermissions {"permissions":["iam.serviceAccounts.actAs"]}
[debug] [2023-10-06T14:27:02.396Z] <<< [apiv2][status] POST https://iam.googleapis.com/v1/projects/ai-testing-396020/serviceAccounts/ai-testing-396020@appspot.gserviceaccount.com:testIamPermissions 200
[debug] [2023-10-06T14:27:02.396Z] <<< [apiv2][body] POST https://iam.googleapis.com/v1/projects/ai-testing-396020/serviceAccounts/ai-testing-396020@appspot.gserviceaccount.com:testIamPermissions {"permissions":["iam.serviceAccounts.actAs"]}
[debug] [2023-10-06T14:27:02.397Z] >>> [apiv2][query] GET https://firebase.googleapis.com/v1beta1/projects/ai-testing-396020 [none]
[debug] [2023-10-06T14:27:02.760Z] <<< [apiv2][status] GET https://firebase.googleapis.com/v1beta1/projects/ai-testing-396020 200
[debug] [2023-10-06T14:27:02.760Z] <<< [apiv2][body] GET https://firebase.googleapis.com/v1beta1/projects/ai-testing-396020 {"projectId":"ai-testing-396020","projectNumber":"1087361350826","displayName":"AI-testing","name":"projects/ai-testing-396020","resources":{"hostingSite":"ai-testing-396020","storageBucket":"ai-testing-396020.appspot.com","locationId":"europe-west"},"state":"ACTIVE","etag":"1_20ec945a-fc08-4ce4-b06d-0715a3c2efa2"}
[debug] [2023-10-06T14:27:03.528Z] defaultcredentials: writing to file /Users/hubert.talib/.config/firebase/hubert_talib_gmail.com_application_default_credentials.json
[debug] [2023-10-06T14:27:03.530Z] >>> [apiv2][query] GET https://firebasehosting.googleapis.com/v1beta1/projects/ai-testing-396020/sites pageToken=&pageSize=10
[debug] [2023-10-06T14:27:04.536Z] <<< [apiv2][status] GET https://firebasehosting.googleapis.com/v1beta1/projects/ai-testing-396020/sites 200
[debug] [2023-10-06T14:27:04.536Z] <<< [apiv2][body] GET https://firebasehosting.googleapis.com/v1beta1/projects/ai-testing-396020/sites {"sites":[{"name":"projects/ai-testing-396020/sites/ai-testing-396020","defaultUrl":"https://ai-testing-396020.web.app","appId":"1:1087361350826:web:de09d0c487a4e739ce64d3","type":"DEFAULT_SITE"}]}
[debug] [2023-10-06T14:27:04.537Z] >>> [apiv2][query] GET https://firebase.googleapis.com/v1beta1/projects/-/webApps/1:1087361350826:web:de09d0c487a4e739ce64d3/config [none]
[debug] [2023-10-06T14:27:05.432Z] <<< [apiv2][status] GET https://firebase.googleapis.com/v1beta1/projects/-/webApps/1:1087361350826:web:de09d0c487a4e739ce64d3/config 200
[debug] [2023-10-06T14:27:05.434Z] <<< [apiv2][body] GET https://firebase.googleapis.com/v1beta1/projects/-/webApps/1:1087361350826:web:de09d0c487a4e739ce64d3/config {"projectId":"ai-testing-396020","appId":"1:1087361350826:web:de09d0c487a4e739ce64d3","storageBucket":"ai-testing-396020.appspot.com","locationId":"europe-west","apiKey":"AIzaSyAyTEMNYKBxn9nNe323BvxblIw8wR4L_-4","authDomain":"ai-testing-396020.firebaseapp.com","messagingSenderId":"1087361350826","measurementId":"G-4R57R1NMPY"}
[debug] [2023-10-06T14:27:10.397Z] Error: ENOENT: no such file or directory, lstat '/Users/hubert.talib/Development/svelte-playground/Users/hubert.talib/Development/svelte-playground/.svelte-kit/output/server'
[error] 
[error] Error: An unexpected error has occurred.
[debug] [2023-10-06T14:27:14.253Z] ----------------------------------------------------------------------
[debug] [2023-10-06T14:27:14.254Z] Command:       /usr/local/bin/node /usr/local/bin/firebase deploy
[debug] [2023-10-06T14:27:14.254Z] CLI Version:   11.25.1
[debug] [2023-10-06T14:27:14.254Z] Platform:      darwin
[debug] [2023-10-06T14:27:14.254Z] Node Version:  v20.2.0
[debug] [2023-10-06T14:27:14.255Z] Time:          Fri Oct 06 2023 16:27:14 GMT+0200 (Central European Summer Time)
[debug] [2023-10-06T14:27:14.255Z] ----------------------------------------------------------------------
[debug] 
[debug] [2023-10-06T14:27:14.292Z] > command requires scopes: ["email","openid","https://www.googleapis.com/auth/cloudplatformprojects.readonly","https://www.googleapis.com/auth/firebase","https://www.googleapis.com/auth/cloud-platform"]
[debug] [2023-10-06T14:27:14.292Z] > authorizing via signed-in user (hubert.talib@gmail.com)
[debug] [2023-10-06T14:27:14.292Z] [iam] checking project ai-testing-396020 for permissions ["cloudfunctions.functions.create","cloudfunctions.functions.delete","cloudfunctions.functions.get","cloudfunctions.functions.list","cloudfunctions.functions.update","cloudfunctions.operations.get","datastore.indexes.create","datastore.indexes.delete","datastore.indexes.list","datastore.indexes.update","firebase.projects.get","firebasehosting.sites.update","firebaserules.releases.create","firebaserules.releases.update","firebaserules.rulesets.create"]
[debug] [2023-10-06T14:27:14.293Z] >>> [apiv2][query] POST https://cloudresourcemanager.googleapis.com/v1/projects/ai-testing-396020:testIamPermissions [none]
[debug] [2023-10-06T14:27:14.293Z] >>> [apiv2][(partial)header] POST https://cloudresourcemanager.googleapis.com/v1/projects/ai-testing-396020:testIamPermissions x-goog-quota-user=projects/ai-testing-396020
[debug] [2023-10-06T14:27:14.293Z] >>> [apiv2][body] POST https://cloudresourcemanager.googleapis.com/v1/projects/ai-testing-396020:testIamPermissions {"permissions":["cloudfunctions.functions.create","cloudfunctions.functions.delete","cloudfunctions.functions.get","cloudfunctions.functions.list","cloudfunctions.functions.update","cloudfunctions.operations.get","datastore.indexes.create","datastore.indexes.delete","datastore.indexes.list","datastore.indexes.update","firebase.projects.get","firebasehosting.sites.update","firebaserules.releases.create","firebaserules.releases.update","firebaserules.rulesets.create"]}
[debug] [2023-10-06T14:27:15.088Z] <<< [apiv2][status] POST https://cloudresourcemanager.googleapis.com/v1/projects/ai-testing-396020:testIamPermissions 200
[debug] [2023-10-06T14:27:15.088Z] <<< [apiv2][body] POST https://cloudresourcemanager.googleapis.com/v1/projects/ai-testing-396020:testIamPermissions {"permissions":["cloudfunctions.functions.create","cloudfunctions.functions.delete","cloudfunctions.functions.get","cloudfunctions.functions.list","cloudfunctions.functions.update","cloudfunctions.operations.get","datastore.indexes.create","datastore.indexes.delete","datastore.indexes.list","datastore.indexes.update","firebase.projects.get","firebasehosting.sites.update","firebaserules.releases.create","firebaserules.releases.update","firebaserules.rulesets.create"]}
[debug] [2023-10-06T14:27:15.089Z] >>> [apiv2][query] POST https://iam.googleapis.com/v1/projects/ai-testing-396020/serviceAccounts/ai-testing-396020@appspot.gserviceaccount.com:testIamPermissions [none]
[debug] [2023-10-06T14:27:15.089Z] >>> [apiv2][body] POST https://iam.googleapis.com/v1/projects/ai-testing-396020/serviceAccounts/ai-testing-396020@appspot.gserviceaccount.com:testIamPermissions {"permissions":["iam.serviceAccounts.actAs"]}
[debug] [2023-10-06T14:27:15.843Z] <<< [apiv2][status] POST https://iam.googleapis.com/v1/projects/ai-testing-396020/serviceAccounts/ai-testing-396020@appspot.gserviceaccount.com:testIamPermissions 200
[debug] [2023-10-06T14:27:15.844Z] <<< [apiv2][body] POST https://iam.googleapis.com/v1/projects/ai-testing-396020/serviceAccounts/ai-testing-396020@appspot.gserviceaccount.com:testIamPermissions {"permissions":["iam.serviceAccounts.actAs"]}
[debug] [2023-10-06T14:27:15.846Z] >>> [apiv2][query] GET https://firebase.googleapis.com/v1beta1/projects/ai-testing-396020 [none]
[debug] [2023-10-06T14:27:16.168Z] <<< [apiv2][status] GET https://firebase.googleapis.com/v1beta1/projects/ai-testing-396020 200
[debug] [2023-10-06T14:27:16.168Z] <<< [apiv2][body] GET https://firebase.googleapis.com/v1beta1/projects/ai-testing-396020 {"projectId":"ai-testing-396020","projectNumber":"1087361350826","displayName":"AI-testing","name":"projects/ai-testing-396020","resources":{"hostingSite":"ai-testing-396020","storageBucket":"ai-testing-396020.appspot.com","locationId":"europe-west"},"state":"ACTIVE","etag":"1_20ec945a-fc08-4ce4-b06d-0715a3c2efa2"}
[debug] [2023-10-06T14:27:16.860Z] defaultcredentials: writing to file /Users/hubert.talib/.config/firebase/hubert_talib_gmail.com_application_default_credentials.json
[debug] [2023-10-06T14:27:16.861Z] >>> [apiv2][query] GET https://firebasehosting.googleapis.com/v1beta1/projects/ai-testing-396020/sites pageToken=&pageSize=10
[debug] [2023-10-06T14:27:17.845Z] <<< [apiv2][status] GET https://firebasehosting.googleapis.com/v1beta1/projects/ai-testing-396020/sites 200
[debug] [2023-10-06T14:27:17.847Z] <<< [apiv2][body] GET https://firebasehosting.googleapis.com/v1beta1/projects/ai-testing-396020/sites {"sites":[{"name":"projects/ai-testing-396020/sites/ai-testing-396020","defaultUrl":"https://ai-testing-396020.web.app","appId":"1:1087361350826:web:de09d0c487a4e739ce64d3","type":"DEFAULT_SITE"}]}
[debug] [2023-10-06T14:27:17.848Z] >>> [apiv2][query] GET https://firebase.googleapis.com/v1beta1/projects/-/webApps/1:1087361350826:web:de09d0c487a4e739ce64d3/config [none]
[debug] [2023-10-06T14:27:18.536Z] <<< [apiv2][status] GET https://firebase.googleapis.com/v1beta1/projects/-/webApps/1:1087361350826:web:de09d0c487a4e739ce64d3/config 200
[debug] [2023-10-06T14:27:18.536Z] <<< [apiv2][body] GET https://firebase.googleapis.com/v1beta1/projects/-/webApps/1:1087361350826:web:de09d0c487a4e739ce64d3/config {"projectId":"ai-testing-396020","appId":"1:1087361350826:web:de09d0c487a4e739ce64d3","storageBucket":"ai-testing-396020.appspot.com","locationId":"europe-west","apiKey":"AIzaSyAyTEMNYKBxn9nNe323BvxblIw8wR4L_-4","authDomain":"ai-testing-396020.firebaseapp.com","messagingSenderId":"1087361350826","measurementId":"G-4R57R1NMPY"}
[debug] [2023-10-06T14:27:23.345Z] Error: ENOENT: no such file or directory, lstat '/Users/hubert.talib/Development/svelte-playground/Users/hubert.talib/Development/svelte-playground/.svelte-kit/output/server'
[error] 
[error] Error: An unexpected error has occurred.
[debug] [2023-10-06T14:36:31.988Z] ----------------------------------------------------------------------
[debug] [2023-10-06T14:36:31.992Z] Command:       /usr/local/bin/node /usr/local/bin/firebase deploy
[debug] [2023-10-06T14:36:31.992Z] CLI Version:   11.25.1
[debug] [2023-10-06T14:36:31.992Z] Platform:      darwin
[debug] [2023-10-06T14:36:31.992Z] Node Version:  v20.2.0
[debug] [2023-10-06T14:36:31.992Z] Time:          Fri Oct 06 2023 16:36:31 GMT+0200 (Central European Summer Time)
[debug] [2023-10-06T14:36:31.993Z] ----------------------------------------------------------------------
[debug] 
[debug] [2023-10-06T14:36:32.030Z] > command requires scopes: ["email","openid","https://www.googleapis.com/auth/cloudplatformprojects.readonly","https://www.googleapis.com/auth/firebase","https://www.googleapis.com/auth/cloud-platform"]
[debug] [2023-10-06T14:36:32.030Z] > authorizing via signed-in user (hubert.talib@gmail.com)
[debug] [2023-10-06T14:36:32.030Z] [iam] checking project ai-testing-396020 for permissions ["cloudfunctions.functions.create","cloudfunctions.functions.delete","cloudfunctions.functions.get","cloudfunctions.functions.list","cloudfunctions.functions.update","cloudfunctions.operations.get","datastore.indexes.create","datastore.indexes.delete","datastore.indexes.list","datastore.indexes.update","firebase.projects.get","firebasehosting.sites.update","firebaserules.releases.create","firebaserules.releases.update","firebaserules.rulesets.create"]
[debug] [2023-10-06T14:36:32.031Z] >>> [apiv2][query] POST https://cloudresourcemanager.googleapis.com/v1/projects/ai-testing-396020:testIamPermissions [none]
[debug] [2023-10-06T14:36:32.031Z] >>> [apiv2][(partial)header] POST https://cloudresourcemanager.googleapis.com/v1/projects/ai-testing-396020:testIamPermissions x-goog-quota-user=projects/ai-testing-396020
[debug] [2023-10-06T14:36:32.031Z] >>> [apiv2][body] POST https://cloudresourcemanager.googleapis.com/v1/projects/ai-testing-396020:testIamPermissions {"permissions":["cloudfunctions.functions.create","cloudfunctions.functions.delete","cloudfunctions.functions.get","cloudfunctions.functions.list","cloudfunctions.functions.update","cloudfunctions.operations.get","datastore.indexes.create","datastore.indexes.delete","datastore.indexes.list","datastore.indexes.update","firebase.projects.get","firebasehosting.sites.update","firebaserules.releases.create","firebaserules.releases.update","firebaserules.rulesets.create"]}
[debug] [2023-10-06T14:36:32.840Z] <<< [apiv2][status] POST https://cloudresourcemanager.googleapis.com/v1/projects/ai-testing-396020:testIamPermissions 200
[debug] [2023-10-06T14:36:32.841Z] <<< [apiv2][body] POST https://cloudresourcemanager.googleapis.com/v1/projects/ai-testing-396020:testIamPermissions {"permissions":["cloudfunctions.functions.create","cloudfunctions.functions.delete","cloudfunctions.functions.get","cloudfunctions.functions.list","cloudfunctions.functions.update","cloudfunctions.operations.get","datastore.indexes.create","datastore.indexes.delete","datastore.indexes.list","datastore.indexes.update","firebase.projects.get","firebasehosting.sites.update","firebaserules.releases.create","firebaserules.releases.update","firebaserules.rulesets.create"]}
[debug] [2023-10-06T14:36:32.842Z] >>> [apiv2][query] POST https://iam.googleapis.com/v1/projects/ai-testing-396020/serviceAccounts/ai-testing-396020@appspot.gserviceaccount.com:testIamPermissions [none]
[debug] [2023-10-06T14:36:32.842Z] >>> [apiv2][body] POST https://iam.googleapis.com/v1/projects/ai-testing-396020/serviceAccounts/ai-testing-396020@appspot.gserviceaccount.com:testIamPermissions {"permissions":["iam.serviceAccounts.actAs"]}
[debug] [2023-10-06T14:36:33.671Z] <<< [apiv2][status] POST https://iam.googleapis.com/v1/projects/ai-testing-396020/serviceAccounts/ai-testing-396020@appspot.gserviceaccount.com:testIamPermissions 200
[debug] [2023-10-06T14:36:33.671Z] <<< [apiv2][body] POST https://iam.googleapis.com/v1/projects/ai-testing-396020/serviceAccounts/ai-testing-396020@appspot.gserviceaccount.com:testIamPermissions {"permissions":["iam.serviceAccounts.actAs"]}
[debug] [2023-10-06T14:36:33.673Z] >>> [apiv2][query] GET https://firebase.googleapis.com/v1beta1/projects/ai-testing-396020 [none]
[debug] [2023-10-06T14:36:34.183Z] <<< [apiv2][status] GET https://firebase.googleapis.com/v1beta1/projects/ai-testing-396020 200
[debug] [2023-10-06T14:36:34.184Z] <<< [apiv2][body] GET https://firebase.googleapis.com/v1beta1/projects/ai-testing-396020 {"projectId":"ai-testing-396020","projectNumber":"1087361350826","displayName":"AI-testing","name":"projects/ai-testing-396020","resources":{"hostingSite":"ai-testing-396020","storageBucket":"ai-testing-396020.appspot.com","locationId":"europe-west"},"state":"ACTIVE","etag":"1_20ec945a-fc08-4ce4-b06d-0715a3c2efa2"}
[debug] [2023-10-06T14:36:34.961Z] defaultcredentials: writing to file /Users/hubert.talib/.config/firebase/hubert_talib_gmail.com_application_default_credentials.json
[debug] [2023-10-06T14:36:34.962Z] >>> [apiv2][query] GET https://firebasehosting.googleapis.com/v1beta1/projects/ai-testing-396020/sites pageToken=&pageSize=10
[debug] [2023-10-06T14:36:35.972Z] <<< [apiv2][status] GET https://firebasehosting.googleapis.com/v1beta1/projects/ai-testing-396020/sites 200
[debug] [2023-10-06T14:36:35.972Z] <<< [apiv2][body] GET https://firebasehosting.googleapis.com/v1beta1/projects/ai-testing-396020/sites {"sites":[{"name":"projects/ai-testing-396020/sites/ai-testing-396020","defaultUrl":"https://ai-testing-396020.web.app","appId":"1:1087361350826:web:de09d0c487a4e739ce64d3","type":"DEFAULT_SITE"}]}
[debug] [2023-10-06T14:36:35.973Z] >>> [apiv2][query] GET https://firebase.googleapis.com/v1beta1/projects/-/webApps/1:1087361350826:web:de09d0c487a4e739ce64d3/config [none]
[debug] [2023-10-06T14:36:36.844Z] <<< [apiv2][status] GET https://firebase.googleapis.com/v1beta1/projects/-/webApps/1:1087361350826:web:de09d0c487a4e739ce64d3/config 200
[debug] [2023-10-06T14:36:36.844Z] <<< [apiv2][body] GET https://firebase.googleapis.com/v1beta1/projects/-/webApps/1:1087361350826:web:de09d0c487a4e739ce64d3/config {"projectId":"ai-testing-396020","appId":"1:1087361350826:web:de09d0c487a4e739ce64d3","storageBucket":"ai-testing-396020.appspot.com","locationId":"europe-west","apiKey":"AIzaSyAyTEMNYKBxn9nNe323BvxblIw8wR4L_-4","authDomain":"ai-testing-396020.firebaseapp.com","messagingSenderId":"1087361350826","measurementId":"G-4R57R1NMPY"}
[debug] [2023-10-06T14:36:38.284Z] Error [ERR_MODULE_NOT_FOUND]: Cannot find package '@sveltejs/adapter-static' imported from /Users/hubert.talib/Development/svelte-playground/svelte.config.js
    at new NodeError (node:internal/errors:399:5)
    at packageResolve (node:internal/modules/esm/resolve:783:9)
    at moduleResolve (node:internal/modules/esm/resolve:832:20)
    at defaultResolve (node:internal/modules/esm/resolve:1069:11)
    at DefaultModuleLoader.resolve (node:internal/modules/esm/loader:305:12)
    at DefaultModuleLoader.getModuleJob (node:internal/modules/esm/loader:156:32)
    at ModuleWrap.<anonymous> (node:internal/modules/esm/module_job:76:33)
    at link (node:internal/modules/esm/module_job:75:36)
[error] 
[error] Error: An unexpected error has occurred.
[debug] [2023-10-06T14:36:43.186Z] ----------------------------------------------------------------------
[debug] [2023-10-06T14:36:43.188Z] Command:       /usr/local/bin/node /usr/local/bin/firebase deploy
[debug] [2023-10-06T14:36:43.188Z] CLI Version:   11.25.1
[debug] [2023-10-06T14:36:43.188Z] Platform:      darwin
[debug] [2023-10-06T14:36:43.188Z] Node Version:  v20.2.0
[debug] [2023-10-06T14:36:43.188Z] Time:          Fri Oct 06 2023 16:36:43 GMT+0200 (Central European Summer Time)
[debug] [2023-10-06T14:36:43.188Z] ----------------------------------------------------------------------
[debug] 
[debug] [2023-10-06T14:36:43.225Z] > command requires scopes: ["email","openid","https://www.googleapis.com/auth/cloudplatformprojects.readonly","https://www.googleapis.com/auth/firebase","https://www.googleapis.com/auth/cloud-platform"]
[debug] [2023-10-06T14:36:43.225Z] > authorizing via signed-in user (hubert.talib@gmail.com)
[debug] [2023-10-06T14:36:43.225Z] [iam] checking project ai-testing-396020 for permissions ["cloudfunctions.functions.create","cloudfunctions.functions.delete","cloudfunctions.functions.get","cloudfunctions.functions.list","cloudfunctions.functions.update","cloudfunctions.operations.get","datastore.indexes.create","datastore.indexes.delete","datastore.indexes.list","datastore.indexes.update","firebase.projects.get","firebasehosting.sites.update","firebaserules.releases.create","firebaserules.releases.update","firebaserules.rulesets.create"]
[debug] [2023-10-06T14:36:43.226Z] >>> [apiv2][query] POST https://cloudresourcemanager.googleapis.com/v1/projects/ai-testing-396020:testIamPermissions [none]
[debug] [2023-10-06T14:36:43.226Z] >>> [apiv2][(partial)header] POST https://cloudresourcemanager.googleapis.com/v1/projects/ai-testing-396020:testIamPermissions x-goog-quota-user=projects/ai-testing-396020
[debug] [2023-10-06T14:36:43.226Z] >>> [apiv2][body] POST https://cloudresourcemanager.googleapis.com/v1/projects/ai-testing-396020:testIamPermissions {"permissions":["cloudfunctions.functions.create","cloudfunctions.functions.delete","cloudfunctions.functions.get","cloudfunctions.functions.list","cloudfunctions.functions.update","cloudfunctions.operations.get","datastore.indexes.create","datastore.indexes.delete","datastore.indexes.list","datastore.indexes.update","firebase.projects.get","firebasehosting.sites.update","firebaserules.releases.create","firebaserules.releases.update","firebaserules.rulesets.create"]}
[debug] [2023-10-06T14:36:44.000Z] <<< [apiv2][status] POST https://cloudresourcemanager.googleapis.com/v1/projects/ai-testing-396020:testIamPermissions 200
[debug] [2023-10-06T14:36:44.001Z] <<< [apiv2][body] POST https://cloudresourcemanager.googleapis.com/v1/projects/ai-testing-396020:testIamPermissions {"permissions":["cloudfunctions.functions.create","cloudfunctions.functions.delete","cloudfunctions.functions.get","cloudfunctions.functions.list","cloudfunctions.functions.update","cloudfunctions.operations.get","datastore.indexes.create","datastore.indexes.delete","datastore.indexes.list","datastore.indexes.update","firebase.projects.get","firebasehosting.sites.update","firebaserules.releases.create","firebaserules.releases.update","firebaserules.rulesets.create"]}
[debug] [2023-10-06T14:36:44.001Z] >>> [apiv2][query] POST https://iam.googleapis.com/v1/projects/ai-testing-396020/serviceAccounts/ai-testing-396020@appspot.gserviceaccount.com:testIamPermissions [none]
[debug] [2023-10-06T14:36:44.001Z] >>> [apiv2][body] POST https://iam.googleapis.com/v1/projects/ai-testing-396020/serviceAccounts/ai-testing-396020@appspot.gserviceaccount.com:testIamPermissions {"permissions":["iam.serviceAccounts.actAs"]}
[debug] [2023-10-06T14:36:44.688Z] <<< [apiv2][status] POST https://iam.googleapis.com/v1/projects/ai-testing-396020/serviceAccounts/ai-testing-396020@appspot.gserviceaccount.com:testIamPermissions 200
[debug] [2023-10-06T14:36:44.688Z] <<< [apiv2][body] POST https://iam.googleapis.com/v1/projects/ai-testing-396020/serviceAccounts/ai-testing-396020@appspot.gserviceaccount.com:testIamPermissions {"permissions":["iam.serviceAccounts.actAs"]}
[debug] [2023-10-06T14:36:44.689Z] >>> [apiv2][query] GET https://firebase.googleapis.com/v1beta1/projects/ai-testing-396020 [none]
[debug] [2023-10-06T14:36:45.076Z] <<< [apiv2][status] GET https://firebase.googleapis.com/v1beta1/projects/ai-testing-396020 200
[debug] [2023-10-06T14:36:45.077Z] <<< [apiv2][body] GET https://firebase.googleapis.com/v1beta1/projects/ai-testing-396020 {"projectId":"ai-testing-396020","projectNumber":"1087361350826","displayName":"AI-testing","name":"projects/ai-testing-396020","resources":{"hostingSite":"ai-testing-396020","storageBucket":"ai-testing-396020.appspot.com","locationId":"europe-west"},"state":"ACTIVE","etag":"1_20ec945a-fc08-4ce4-b06d-0715a3c2efa2"}
[debug] [2023-10-06T14:36:45.764Z] defaultcredentials: writing to file /Users/hubert.talib/.config/firebase/hubert_talib_gmail.com_application_default_credentials.json
[debug] [2023-10-06T14:36:45.765Z] >>> [apiv2][query] GET https://firebasehosting.googleapis.com/v1beta1/projects/ai-testing-396020/sites pageToken=&pageSize=10
[debug] [2023-10-06T14:36:46.832Z] <<< [apiv2][status] GET https://firebasehosting.googleapis.com/v1beta1/projects/ai-testing-396020/sites 200
[debug] [2023-10-06T14:36:46.832Z] <<< [apiv2][body] GET https://firebasehosting.googleapis.com/v1beta1/projects/ai-testing-396020/sites {"sites":[{"name":"projects/ai-testing-396020/sites/ai-testing-396020","defaultUrl":"https://ai-testing-396020.web.app","appId":"1:1087361350826:web:de09d0c487a4e739ce64d3","type":"DEFAULT_SITE"}]}
[debug] [2023-10-06T14:36:46.833Z] >>> [apiv2][query] GET https://firebase.googleapis.com/v1beta1/projects/-/webApps/1:1087361350826:web:de09d0c487a4e739ce64d3/config [none]
[debug] [2023-10-06T14:36:47.463Z] <<< [apiv2][status] GET https://firebase.googleapis.com/v1beta1/projects/-/webApps/1:1087361350826:web:de09d0c487a4e739ce64d3/config 200
[debug] [2023-10-06T14:36:47.464Z] <<< [apiv2][body] GET https://firebase.googleapis.com/v1beta1/projects/-/webApps/1:1087361350826:web:de09d0c487a4e739ce64d3/config {"projectId":"ai-testing-396020","appId":"1:1087361350826:web:de09d0c487a4e739ce64d3","storageBucket":"ai-testing-396020.appspot.com","locationId":"europe-west","apiKey":"AIzaSyAyTEMNYKBxn9nNe323BvxblIw8wR4L_-4","authDomain":"ai-testing-396020.firebaseapp.com","messagingSenderId":"1087361350826","measurementId":"G-4R57R1NMPY"}
[debug] [2023-10-06T14:36:49.020Z] Error [ERR_MODULE_NOT_FOUND]: Cannot find package '@sveltejs/adapter-static' imported from /Users/hubert.talib/Development/svelte-playground/svelte.config.js
    at new NodeError (node:internal/errors:399:5)
    at packageResolve (node:internal/modules/esm/resolve:783:9)
    at moduleResolve (node:internal/modules/esm/resolve:832:20)
    at defaultResolve (node:internal/modules/esm/resolve:1069:11)
    at DefaultModuleLoader.resolve (node:internal/modules/esm/loader:305:12)
    at DefaultModuleLoader.getModuleJob (node:internal/modules/esm/loader:156:32)
    at ModuleWrap.<anonymous> (node:internal/modules/esm/module_job:76:33)
    at link (node:internal/modules/esm/module_job:75:36)
[error] 
[error] Error: An unexpected error has occurred.
[debug] [2023-10-06T14:37:15.033Z] ----------------------------------------------------------------------
[debug] [2023-10-06T14:37:15.035Z] Command:       /usr/local/bin/node /usr/local/bin/firebase deploy
[debug] [2023-10-06T14:37:15.035Z] CLI Version:   11.25.1
[debug] [2023-10-06T14:37:15.035Z] Platform:      darwin
[debug] [2023-10-06T14:37:15.035Z] Node Version:  v20.2.0
[debug] [2023-10-06T14:37:15.035Z] Time:          Fri Oct 06 2023 16:37:15 GMT+0200 (Central European Summer Time)
[debug] [2023-10-06T14:37:15.035Z] ----------------------------------------------------------------------
[debug] 
[debug] [2023-10-06T14:37:15.072Z] > command requires scopes: ["email","openid","https://www.googleapis.com/auth/cloudplatformprojects.readonly","https://www.googleapis.com/auth/firebase","https://www.googleapis.com/auth/cloud-platform"]
[debug] [2023-10-06T14:37:15.073Z] > authorizing via signed-in user (hubert.talib@gmail.com)
[debug] [2023-10-06T14:37:15.073Z] [iam] checking project ai-testing-396020 for permissions ["cloudfunctions.functions.create","cloudfunctions.functions.delete","cloudfunctions.functions.get","cloudfunctions.functions.list","cloudfunctions.functions.update","cloudfunctions.operations.get","datastore.indexes.create","datastore.indexes.delete","datastore.indexes.list","datastore.indexes.update","firebase.projects.get","firebasehosting.sites.update","firebaserules.releases.create","firebaserules.releases.update","firebaserules.rulesets.create"]
[debug] [2023-10-06T14:37:15.074Z] >>> [apiv2][query] POST https://cloudresourcemanager.googleapis.com/v1/projects/ai-testing-396020:testIamPermissions [none]
[debug] [2023-10-06T14:37:15.074Z] >>> [apiv2][(partial)header] POST https://cloudresourcemanager.googleapis.com/v1/projects/ai-testing-396020:testIamPermissions x-goog-quota-user=projects/ai-testing-396020
[debug] [2023-10-06T14:37:15.074Z] >>> [apiv2][body] POST https://cloudresourcemanager.googleapis.com/v1/projects/ai-testing-396020:testIamPermissions {"permissions":["cloudfunctions.functions.create","cloudfunctions.functions.delete","cloudfunctions.functions.get","cloudfunctions.functions.list","cloudfunctions.functions.update","cloudfunctions.operations.get","datastore.indexes.create","datastore.indexes.delete","datastore.indexes.list","datastore.indexes.update","firebase.projects.get","firebasehosting.sites.update","firebaserules.releases.create","firebaserules.releases.update","firebaserules.rulesets.create"]}
[debug] [2023-10-06T14:37:15.881Z] <<< [apiv2][status] POST https://cloudresourcemanager.googleapis.com/v1/projects/ai-testing-396020:testIamPermissions 200
[debug] [2023-10-06T14:37:15.881Z] <<< [apiv2][body] POST https://cloudresourcemanager.googleapis.com/v1/projects/ai-testing-396020:testIamPermissions {"permissions":["cloudfunctions.functions.create","cloudfunctions.functions.delete","cloudfunctions.functions.get","cloudfunctions.functions.list","cloudfunctions.functions.update","cloudfunctions.operations.get","datastore.indexes.create","datastore.indexes.delete","datastore.indexes.list","datastore.indexes.update","firebase.projects.get","firebasehosting.sites.update","firebaserules.releases.create","firebaserules.releases.update","firebaserules.rulesets.create"]}
[debug] [2023-10-06T14:37:15.882Z] >>> [apiv2][query] POST https://iam.googleapis.com/v1/projects/ai-testing-396020/serviceAccounts/ai-testing-396020@appspot.gserviceaccount.com:testIamPermissions [none]
[debug] [2023-10-06T14:37:15.882Z] >>> [apiv2][body] POST https://iam.googleapis.com/v1/projects/ai-testing-396020/serviceAccounts/ai-testing-396020@appspot.gserviceaccount.com:testIamPermissions {"permissions":["iam.serviceAccounts.actAs"]}
[debug] [2023-10-06T14:37:16.559Z] <<< [apiv2][status] POST https://iam.googleapis.com/v1/projects/ai-testing-396020/serviceAccounts/ai-testing-396020@appspot.gserviceaccount.com:testIamPermissions 200
[debug] [2023-10-06T14:37:16.559Z] <<< [apiv2][body] POST https://iam.googleapis.com/v1/projects/ai-testing-396020/serviceAccounts/ai-testing-396020@appspot.gserviceaccount.com:testIamPermissions {"permissions":["iam.serviceAccounts.actAs"]}
[debug] [2023-10-06T14:37:16.560Z] >>> [apiv2][query] GET https://firebase.googleapis.com/v1beta1/projects/ai-testing-396020 [none]
[debug] [2023-10-06T14:37:16.857Z] <<< [apiv2][status] GET https://firebase.googleapis.com/v1beta1/projects/ai-testing-396020 200
[debug] [2023-10-06T14:37:16.857Z] <<< [apiv2][body] GET https://firebase.googleapis.com/v1beta1/projects/ai-testing-396020 {"projectId":"ai-testing-396020","projectNumber":"1087361350826","displayName":"AI-testing","name":"projects/ai-testing-396020","resources":{"hostingSite":"ai-testing-396020","storageBucket":"ai-testing-396020.appspot.com","locationId":"europe-west"},"state":"ACTIVE","etag":"1_20ec945a-fc08-4ce4-b06d-0715a3c2efa2"}
[debug] [2023-10-06T14:37:17.554Z] defaultcredentials: writing to file /Users/hubert.talib/.config/firebase/hubert_talib_gmail.com_application_default_credentials.json
[debug] [2023-10-06T14:37:17.555Z] >>> [apiv2][query] GET https://firebasehosting.googleapis.com/v1beta1/projects/ai-testing-396020/sites pageToken=&pageSize=10
[debug] [2023-10-06T14:37:18.532Z] <<< [apiv2][status] GET https://firebasehosting.googleapis.com/v1beta1/projects/ai-testing-396020/sites 200
[debug] [2023-10-06T14:37:18.533Z] <<< [apiv2][body] GET https://firebasehosting.googleapis.com/v1beta1/projects/ai-testing-396020/sites {"sites":[{"name":"projects/ai-testing-396020/sites/ai-testing-396020","defaultUrl":"https://ai-testing-396020.web.app","appId":"1:1087361350826:web:de09d0c487a4e739ce64d3","type":"DEFAULT_SITE"}]}
[debug] [2023-10-06T14:37:18.533Z] >>> [apiv2][query] GET https://firebase.googleapis.com/v1beta1/projects/-/webApps/1:1087361350826:web:de09d0c487a4e739ce64d3/config [none]
[debug] [2023-10-06T14:37:19.190Z] <<< [apiv2][status] GET https://firebase.googleapis.com/v1beta1/projects/-/webApps/1:1087361350826:web:de09d0c487a4e739ce64d3/config 200
[debug] [2023-10-06T14:37:19.190Z] <<< [apiv2][body] GET https://firebase.googleapis.com/v1beta1/projects/-/webApps/1:1087361350826:web:de09d0c487a4e739ce64d3/config {"projectId":"ai-testing-396020","appId":"1:1087361350826:web:de09d0c487a4e739ce64d3","storageBucket":"ai-testing-396020.appspot.com","locationId":"europe-west","apiKey":"AIzaSyAyTEMNYKBxn9nNe323BvxblIw8wR4L_-4","authDomain":"ai-testing-396020.firebaseapp.com","messagingSenderId":"1087361350826","measurementId":"G-4R57R1NMPY"}
[debug] [2023-10-06T14:37:24.195Z] Error: ENOENT: no such file or directory, lstat '/Users/hubert.talib/Development/svelte-playground/Users/hubert.talib/Development/svelte-playground/.svelte-kit/output/server'
[error] 
[error] Error: An unexpected error has occurred.
[debug] [2023-10-06T14:38:09.854Z] ----------------------------------------------------------------------
[debug] [2023-10-06T14:38:09.856Z] Command:       /usr/local/bin/node /usr/local/bin/firebase deploy
[debug] [2023-10-06T14:38:09.856Z] CLI Version:   11.25.1
[debug] [2023-10-06T14:38:09.856Z] Platform:      darwin
[debug] [2023-10-06T14:38:09.856Z] Node Version:  v20.2.0
[debug] [2023-10-06T14:38:09.857Z] Time:          Fri Oct 06 2023 16:38:09 GMT+0200 (Central European Summer Time)
[debug] [2023-10-06T14:38:09.857Z] ----------------------------------------------------------------------
[debug] 
[debug] [2023-10-06T14:38:09.893Z] > command requires scopes: ["email","openid","https://www.googleapis.com/auth/cloudplatformprojects.readonly","https://www.googleapis.com/auth/firebase","https://www.googleapis.com/auth/cloud-platform"]
[debug] [2023-10-06T14:38:09.894Z] > authorizing via signed-in user (hubert.talib@gmail.com)
[debug] [2023-10-06T14:38:09.894Z] [iam] checking project ai-testing-396020 for permissions ["cloudfunctions.functions.create","cloudfunctions.functions.delete","cloudfunctions.functions.get","cloudfunctions.functions.list","cloudfunctions.functions.update","cloudfunctions.operations.get","datastore.indexes.create","datastore.indexes.delete","datastore.indexes.list","datastore.indexes.update","firebase.projects.get","firebasehosting.sites.update","firebaserules.releases.create","firebaserules.releases.update","firebaserules.rulesets.create"]
[debug] [2023-10-06T14:38:09.895Z] >>> [apiv2][query] POST https://cloudresourcemanager.googleapis.com/v1/projects/ai-testing-396020:testIamPermissions [none]
[debug] [2023-10-06T14:38:09.895Z] >>> [apiv2][(partial)header] POST https://cloudresourcemanager.googleapis.com/v1/projects/ai-testing-396020:testIamPermissions x-goog-quota-user=projects/ai-testing-396020
[debug] [2023-10-06T14:38:09.895Z] >>> [apiv2][body] POST https://cloudresourcemanager.googleapis.com/v1/projects/ai-testing-396020:testIamPermissions {"permissions":["cloudfunctions.functions.create","cloudfunctions.functions.delete","cloudfunctions.functions.get","cloudfunctions.functions.list","cloudfunctions.functions.update","cloudfunctions.operations.get","datastore.indexes.create","datastore.indexes.delete","datastore.indexes.list","datastore.indexes.update","firebase.projects.get","firebasehosting.sites.update","firebaserules.releases.create","firebaserules.releases.update","firebaserules.rulesets.create"]}
[debug] [2023-10-06T14:38:10.668Z] <<< [apiv2][status] POST https://cloudresourcemanager.googleapis.com/v1/projects/ai-testing-396020:testIamPermissions 200
[debug] [2023-10-06T14:38:10.669Z] <<< [apiv2][body] POST https://cloudresourcemanager.googleapis.com/v1/projects/ai-testing-396020:testIamPermissions {"permissions":["cloudfunctions.functions.create","cloudfunctions.functions.delete","cloudfunctions.functions.get","cloudfunctions.functions.list","cloudfunctions.functions.update","cloudfunctions.operations.get","datastore.indexes.create","datastore.indexes.delete","datastore.indexes.list","datastore.indexes.update","firebase.projects.get","firebasehosting.sites.update","firebaserules.releases.create","firebaserules.releases.update","firebaserules.rulesets.create"]}
[debug] [2023-10-06T14:38:10.669Z] >>> [apiv2][query] POST https://iam.googleapis.com/v1/projects/ai-testing-396020/serviceAccounts/ai-testing-396020@appspot.gserviceaccount.com:testIamPermissions [none]
[debug] [2023-10-06T14:38:10.669Z] >>> [apiv2][body] POST https://iam.googleapis.com/v1/projects/ai-testing-396020/serviceAccounts/ai-testing-396020@appspot.gserviceaccount.com:testIamPermissions {"permissions":["iam.serviceAccounts.actAs"]}
[debug] [2023-10-06T14:38:11.437Z] <<< [apiv2][status] POST https://iam.googleapis.com/v1/projects/ai-testing-396020/serviceAccounts/ai-testing-396020@appspot.gserviceaccount.com:testIamPermissions 200
[debug] [2023-10-06T14:38:11.437Z] <<< [apiv2][body] POST https://iam.googleapis.com/v1/projects/ai-testing-396020/serviceAccounts/ai-testing-396020@appspot.gserviceaccount.com:testIamPermissions {"permissions":["iam.serviceAccounts.actAs"]}
[debug] [2023-10-06T14:38:11.438Z] >>> [apiv2][query] GET https://firebase.googleapis.com/v1beta1/projects/ai-testing-396020 [none]
[debug] [2023-10-06T14:38:11.754Z] <<< [apiv2][status] GET https://firebase.googleapis.com/v1beta1/projects/ai-testing-396020 200
[debug] [2023-10-06T14:38:11.754Z] <<< [apiv2][body] GET https://firebase.googleapis.com/v1beta1/projects/ai-testing-396020 {"projectId":"ai-testing-396020","projectNumber":"1087361350826","displayName":"AI-testing","name":"projects/ai-testing-396020","resources":{"hostingSite":"ai-testing-396020","storageBucket":"ai-testing-396020.appspot.com","locationId":"europe-west"},"state":"ACTIVE","etag":"1_20ec945a-fc08-4ce4-b06d-0715a3c2efa2"}
[debug] [2023-10-06T14:38:12.451Z] defaultcredentials: writing to file /Users/hubert.talib/.config/firebase/hubert_talib_gmail.com_application_default_credentials.json
[debug] [2023-10-06T14:38:12.451Z] >>> [apiv2][query] GET https://firebasehosting.googleapis.com/v1beta1/projects/ai-testing-396020/sites pageToken=&pageSize=10
[debug] [2023-10-06T14:38:13.411Z] <<< [apiv2][status] GET https://firebasehosting.googleapis.com/v1beta1/projects/ai-testing-396020/sites 200
[debug] [2023-10-06T14:38:13.411Z] <<< [apiv2][body] GET https://firebasehosting.googleapis.com/v1beta1/projects/ai-testing-396020/sites {"sites":[{"name":"projects/ai-testing-396020/sites/ai-testing-396020","defaultUrl":"https://ai-testing-396020.web.app","appId":"1:1087361350826:web:de09d0c487a4e739ce64d3","type":"DEFAULT_SITE"}]}
[debug] [2023-10-06T14:38:13.412Z] >>> [apiv2][query] GET https://firebase.googleapis.com/v1beta1/projects/-/webApps/1:1087361350826:web:de09d0c487a4e739ce64d3/config [none]
[debug] [2023-10-06T14:38:14.206Z] <<< [apiv2][status] GET https://firebase.googleapis.com/v1beta1/projects/-/webApps/1:1087361350826:web:de09d0c487a4e739ce64d3/config 200
[debug] [2023-10-06T14:38:14.206Z] <<< [apiv2][body] GET https://firebase.googleapis.com/v1beta1/projects/-/webApps/1:1087361350826:web:de09d0c487a4e739ce64d3/config {"projectId":"ai-testing-396020","appId":"1:1087361350826:web:de09d0c487a4e739ce64d3","storageBucket":"ai-testing-396020.appspot.com","locationId":"europe-west","apiKey":"AIzaSyAyTEMNYKBxn9nNe323BvxblIw8wR4L_-4","authDomain":"ai-testing-396020.firebaseapp.com","messagingSenderId":"1087361350826","measurementId":"G-4R57R1NMPY"}
[debug] [2023-10-06T14:38:15.570Z] Error [ERR_MODULE_NOT_FOUND]: Cannot find package '@sveltejs/adapter-static' imported from /Users/hubert.talib/Development/svelte-playground/svelte.config.js
    at new NodeError (node:internal/errors:399:5)
    at packageResolve (node:internal/modules/esm/resolve:783:9)
    at moduleResolve (node:internal/modules/esm/resolve:832:20)
    at defaultResolve (node:internal/modules/esm/resolve:1069:11)
    at DefaultModuleLoader.resolve (node:internal/modules/esm/loader:305:12)
    at DefaultModuleLoader.getModuleJob (node:internal/modules/esm/loader:156:32)
    at ModuleWrap.<anonymous> (node:internal/modules/esm/module_job:76:33)
    at link (node:internal/modules/esm/module_job:75:36)
[error] 
[error] Error: An unexpected error has occurred.
[debug] [2023-10-06T14:38:26.011Z] ----------------------------------------------------------------------
[debug] [2023-10-06T14:38:26.012Z] Command:       /usr/local/bin/node /usr/local/bin/firebase deploy
[debug] [2023-10-06T14:38:26.013Z] CLI Version:   11.25.1
[debug] [2023-10-06T14:38:26.013Z] Platform:      darwin
[debug] [2023-10-06T14:38:26.013Z] Node Version:  v20.2.0
[debug] [2023-10-06T14:38:26.013Z] Time:          Fri Oct 06 2023 16:38:26 GMT+0200 (Central European Summer Time)
[debug] [2023-10-06T14:38:26.013Z] ----------------------------------------------------------------------
[debug] 
[debug] [2023-10-06T14:38:26.050Z] > command requires scopes: ["email","openid","https://www.googleapis.com/auth/cloudplatformprojects.readonly","https://www.googleapis.com/auth/firebase","https://www.googleapis.com/auth/cloud-platform"]
[debug] [2023-10-06T14:38:26.050Z] > authorizing via signed-in user (hubert.talib@gmail.com)
[debug] [2023-10-06T14:38:26.050Z] [iam] checking project ai-testing-396020 for permissions ["cloudfunctions.functions.create","cloudfunctions.functions.delete","cloudfunctions.functions.get","cloudfunctions.functions.list","cloudfunctions.functions.update","cloudfunctions.operations.get","datastore.indexes.create","datastore.indexes.delete","datastore.indexes.list","datastore.indexes.update","firebase.projects.get","firebasehosting.sites.update","firebaserules.releases.create","firebaserules.releases.update","firebaserules.rulesets.create"]
[debug] [2023-10-06T14:38:26.051Z] >>> [apiv2][query] POST https://cloudresourcemanager.googleapis.com/v1/projects/ai-testing-396020:testIamPermissions [none]
[debug] [2023-10-06T14:38:26.051Z] >>> [apiv2][(partial)header] POST https://cloudresourcemanager.googleapis.com/v1/projects/ai-testing-396020:testIamPermissions x-goog-quota-user=projects/ai-testing-396020
[debug] [2023-10-06T14:38:26.051Z] >>> [apiv2][body] POST https://cloudresourcemanager.googleapis.com/v1/projects/ai-testing-396020:testIamPermissions {"permissions":["cloudfunctions.functions.create","cloudfunctions.functions.delete","cloudfunctions.functions.get","cloudfunctions.functions.list","cloudfunctions.functions.update","cloudfunctions.operations.get","datastore.indexes.create","datastore.indexes.delete","datastore.indexes.list","datastore.indexes.update","firebase.projects.get","firebasehosting.sites.update","firebaserules.releases.create","firebaserules.releases.update","firebaserules.rulesets.create"]}
[debug] [2023-10-06T14:38:26.974Z] <<< [apiv2][status] POST https://cloudresourcemanager.googleapis.com/v1/projects/ai-testing-396020:testIamPermissions 200
[debug] [2023-10-06T14:38:26.975Z] <<< [apiv2][body] POST https://cloudresourcemanager.googleapis.com/v1/projects/ai-testing-396020:testIamPermissions {"permissions":["cloudfunctions.functions.create","cloudfunctions.functions.delete","cloudfunctions.functions.get","cloudfunctions.functions.list","cloudfunctions.functions.update","cloudfunctions.operations.get","datastore.indexes.create","datastore.indexes.delete","datastore.indexes.list","datastore.indexes.update","firebase.projects.get","firebasehosting.sites.update","firebaserules.releases.create","firebaserules.releases.update","firebaserules.rulesets.create"]}
[debug] [2023-10-06T14:38:26.976Z] >>> [apiv2][query] POST https://iam.googleapis.com/v1/projects/ai-testing-396020/serviceAccounts/ai-testing-396020@appspot.gserviceaccount.com:testIamPermissions [none]
[debug] [2023-10-06T14:38:26.976Z] >>> [apiv2][body] POST https://iam.googleapis.com/v1/projects/ai-testing-396020/serviceAccounts/ai-testing-396020@appspot.gserviceaccount.com:testIamPermissions {"permissions":["iam.serviceAccounts.actAs"]}
[debug] [2023-10-06T14:38:27.667Z] <<< [apiv2][status] POST https://iam.googleapis.com/v1/projects/ai-testing-396020/serviceAccounts/ai-testing-396020@appspot.gserviceaccount.com:testIamPermissions 200
[debug] [2023-10-06T14:38:27.667Z] <<< [apiv2][body] POST https://iam.googleapis.com/v1/projects/ai-testing-396020/serviceAccounts/ai-testing-396020@appspot.gserviceaccount.com:testIamPermissions {"permissions":["iam.serviceAccounts.actAs"]}
[debug] [2023-10-06T14:38:27.668Z] >>> [apiv2][query] GET https://firebase.googleapis.com/v1beta1/projects/ai-testing-396020 [none]
[debug] [2023-10-06T14:38:27.956Z] <<< [apiv2][status] GET https://firebase.googleapis.com/v1beta1/projects/ai-testing-396020 200
[debug] [2023-10-06T14:38:27.956Z] <<< [apiv2][body] GET https://firebase.googleapis.com/v1beta1/projects/ai-testing-396020 {"projectId":"ai-testing-396020","projectNumber":"1087361350826","displayName":"AI-testing","name":"projects/ai-testing-396020","resources":{"hostingSite":"ai-testing-396020","storageBucket":"ai-testing-396020.appspot.com","locationId":"europe-west"},"state":"ACTIVE","etag":"1_20ec945a-fc08-4ce4-b06d-0715a3c2efa2"}
[debug] [2023-10-06T14:38:28.655Z] defaultcredentials: writing to file /Users/hubert.talib/.config/firebase/hubert_talib_gmail.com_application_default_credentials.json
[debug] [2023-10-06T14:38:28.656Z] >>> [apiv2][query] GET https://firebasehosting.googleapis.com/v1beta1/projects/ai-testing-396020/sites pageToken=&pageSize=10
[debug] [2023-10-06T14:38:29.732Z] <<< [apiv2][status] GET https://firebasehosting.googleapis.com/v1beta1/projects/ai-testing-396020/sites 200
[debug] [2023-10-06T14:38:29.732Z] <<< [apiv2][body] GET https://firebasehosting.googleapis.com/v1beta1/projects/ai-testing-396020/sites {"sites":[{"name":"projects/ai-testing-396020/sites/ai-testing-396020","defaultUrl":"https://ai-testing-396020.web.app","appId":"1:1087361350826:web:de09d0c487a4e739ce64d3","type":"DEFAULT_SITE"}]}
[debug] [2023-10-06T14:38:29.733Z] >>> [apiv2][query] GET https://firebase.googleapis.com/v1beta1/projects/-/webApps/1:1087361350826:web:de09d0c487a4e739ce64d3/config [none]
[debug] [2023-10-06T14:38:30.611Z] <<< [apiv2][status] GET https://firebase.googleapis.com/v1beta1/projects/-/webApps/1:1087361350826:web:de09d0c487a4e739ce64d3/config 200
[debug] [2023-10-06T14:38:30.611Z] <<< [apiv2][body] GET https://firebase.googleapis.com/v1beta1/projects/-/webApps/1:1087361350826:web:de09d0c487a4e739ce64d3/config {"projectId":"ai-testing-396020","appId":"1:1087361350826:web:de09d0c487a4e739ce64d3","storageBucket":"ai-testing-396020.appspot.com","locationId":"europe-west","apiKey":"AIzaSyAyTEMNYKBxn9nNe323BvxblIw8wR4L_-4","authDomain":"ai-testing-396020.firebaseapp.com","messagingSenderId":"1087361350826","measurementId":"G-4R57R1NMPY"}
[debug] [2023-10-06T14:38:35.790Z] Error: ENOENT: no such file or directory, lstat '/Users/hubert.talib/Development/svelte-playground/Users/hubert.talib/Development/svelte-playground/.svelte-kit/output/server'
[error] 
[error] Error: An unexpected error has occurred.
